objc[94766]: Class JavaLaunchHelper is implemented in both /Library/Java/JavaVirtualMachines/jdk1.8.0_131.jdk/Contents/Home/jre/bin/java (0x10d88c4c0) and /Library/Java/JavaVirtualMachines/jdk1.8.0_131.jdk/Contents/Home/jre/lib/libinstrument.dylib (0x10d9864e0). One of the two will be used. Which one is undefined.
Launching defaultServer (WebSphere Application Server 17.0.0.2/wlp-1.0.17.cl170220170523-1818) on Java HotSpot(TM) 64-Bit Server VM, version 1.8.0_131-b11 (en_GB)
[AUDIT   ] CWWKE0001I: The server defaultServer has been launched.
[AUDIT   ] CWWKE0100I: This product is licensed for development, and limited production use. The full license terms can be viewed here: https://public.dhe.ibm.com/ibmdl/export/pub/software/websphere/wasdev/license/base_ilan/ilan/17.0.0.2/lafiles/en.html
[AUDIT   ] CWWKZ0058I: Monitoring dropins for applications. 
[AUDIT   ] CWWKS4104A: LTPA keys created in 0.564 seconds. LTPA key file: /Users/laura/git/sample.servlet.metrics/target/liberty/wlp/usr/servers/defaultServer/resources/security/ltpa.keys
[AUDIT   ] CWWKT0016I: Web application available (default_host): http://lauras-mbp.hursley.uk.ibm.com:9080/ibm/api/
[AUDIT   ] CWWKT0016I: Web application available (default_host): http://lauras-mbp.hursley.uk.ibm.com:9080/IBMJMXConnectorREST/
[AUDIT   ] CWWKT0016I: Web application available (default_host): http://lauras-mbp.hursley.uk.ibm.com:9080/MetricsExample/
[AUDIT   ] CWWKZ0001I: Application Metrics Sample started in 0.613 seconds.
[AUDIT   ] CWWKF0012I: The server installed the following features: [jsp-2.3, servlet-3.1, restConnector-2.0, ssl-1.0, monitor-1.0, jndi-1.0, json-1.0, com.ibm.websphere.appserver.autoRestConnector-2.0, distributedMap-1.0, el-3.0].
[AUDIT   ] CWWKF0011I: The server defaultServer is ready to run a smarter planet.
[AUDIT   ] CWPKI0803A: SSL certificate created in 1.420 seconds. SSL key file: /Users/laura/git/sample.servlet.metrics/target/liberty/wlp/usr/servers/defaultServer/resources/security/key.jks
[err] SLF4J: Failed to load class "org.slf4j.impl.StaticLoggerBinder".
[err] SLF4J: Defaulting to no-operation (NOP) logger implementation
[err] SLF4J: See http://www.slf4j.org/codes.html#StaticLoggerBinder for further details.
Servlet application.servlet.LibertyServlet has started.
[AUDIT   ] CWWKE0055I: Server shutdown requested on Thursday, 20 July 2017 at 12:06. The server defaultServer is shutting down.
[AUDIT   ] CWWKE1100I: Waiting for up to 30 seconds for the server to quiesce.
[AUDIT   ] CWWKT0017I: Web application removed (default_host): http://lauras-mbp.hursley.uk.ibm.com:9080/ibm/api/
[AUDIT   ] CWWKT0017I: Web application removed (default_host): http://lauras-mbp.hursley.uk.ibm.com:9080/IBMJMXConnectorREST/
[AUDIT   ] CWWKT0017I: Web application removed (default_host): http://lauras-mbp.hursley.uk.ibm.com:9080/MetricsExample/
[AUDIT   ] CWWKZ0009I: The application Metrics Sample has stopped successfully.
[AUDIT   ] CWWKE0036I: The server defaultServer stopped after 6.583 seconds.
